[2022-05-01T22:23:16.255771+00:00] EdisLog.INFO: Not exist previous session or it's expired... [] []
[2022-05-01T22:23:16.255940+00:00] EdisLog.WARNING: Forcing login [] []
[2022-05-01T22:23:16.923583+00:00] EdisLog.INFO: Loading scripts [] []
[2022-05-01T22:23:16.925106+00:00] EdisLog.INFO: Performing login routine: [] []
[2022-05-01T22:23:20.769039+00:00] EdisLog.INFO: Not exist previous session or it's expired... [] []
[2022-05-01T22:23:20.769177+00:00] EdisLog.WARNING: Forcing login [] []
[2022-05-01T22:23:21.395395+00:00] EdisLog.INFO: Loading scripts [] []
[2022-05-01T22:23:21.396939+00:00] EdisLog.INFO: Performing login routine: [] []
[2022-05-01T22:24:13.576646+00:00] EdisLog.INFO: Not exist previous session or it's expired... [] []
[2022-05-01T22:24:13.576772+00:00] EdisLog.WARNING: Forcing login [] []
[2022-05-01T22:24:14.320696+00:00] EdisLog.INFO: Loading scripts [] []
[2022-05-01T22:24:14.326391+00:00] EdisLog.INFO: Performing login routine: [] []
[2022-05-01T22:24:33.707256+00:00] EdisLog.INFO: Not exist previous session or it's expired... [] []
[2022-05-01T22:24:33.707398+00:00] EdisLog.WARNING: Forcing login [] []
[2022-05-01T22:24:34.450575+00:00] EdisLog.INFO: Loading scripts [] []
[2022-05-01T22:24:34.456169+00:00] EdisLog.INFO: Performing login routine: [] []
[2022-05-01T22:24:37.659413+00:00] EdisLog.INFO: Not exist previous session or it's expired... [] []
[2022-05-01T22:24:37.659532+00:00] EdisLog.WARNING: Forcing login [] []
[2022-05-01T22:24:38.325947+00:00] EdisLog.INFO: Loading scripts [] []
[2022-05-01T22:24:38.331541+00:00] EdisLog.INFO: Performing login routine: [] []
[2022-05-01T22:24:39.285212+00:00] EdisLog.INFO: Not exist previous session or it's expired... [] []
[2022-05-01T22:24:39.285331+00:00] EdisLog.WARNING: Forcing login [] []
[2022-05-01T22:24:39.900352+00:00] EdisLog.INFO: Loading scripts [] []
[2022-05-01T22:24:39.906560+00:00] EdisLog.INFO: Performing login routine: [] []
[2022-05-01T22:24:42.928622+00:00] EdisLog.INFO: Not exist previous session or it's expired... [] []
[2022-05-01T22:24:42.928746+00:00] EdisLog.WARNING: Forcing login [] []
[2022-05-01T22:24:43.561337+00:00] EdisLog.INFO: Loading scripts [] []
[2022-05-01T22:24:43.567873+00:00] EdisLog.INFO: Performing login routine: [] []
[2022-05-01T22:25:13.400724+00:00] EdisLog.INFO: Not exist previous session or it's expired... [] []
[2022-05-01T22:25:13.400849+00:00] EdisLog.WARNING: Forcing login [] []
[2022-05-01T22:25:14.043045+00:00] EdisLog.INFO: Loading scripts [] []
[2022-05-01T22:25:14.048830+00:00] EdisLog.INFO: Performing login routine: [] []
[2022-05-01T22:30:08.169121+00:00] EdisLog.INFO: Not exist previous session or it's expired... [] []
[2022-05-01T22:30:08.169792+00:00] EdisLog.WARNING: Forcing login [] []
[2022-05-01T22:30:08.887188+00:00] EdisLog.INFO: Loading scripts [] []
[2022-05-01T22:30:08.893899+00:00] EdisLog.INFO: Performing login routine: [] []
[2022-05-01T22:30:14.181666+00:00] EdisLog.INFO: Not exist previous session or it's expired... [] []
[2022-05-01T22:30:14.181817+00:00] EdisLog.WARNING: Forcing login [] []
[2022-05-01T22:30:14.878923+00:00] EdisLog.INFO: Loading scripts [] []
[2022-05-01T22:30:14.882806+00:00] EdisLog.INFO: Performing login routine: [] []
[2022-05-01T22:31:56.955250+00:00] EdisLog.INFO: Not exist previous session or it's expired... [] []
[2022-05-01T22:31:56.955426+00:00] EdisLog.WARNING: Forcing login [] []
[2022-05-01T22:31:57.803409+00:00] EdisLog.INFO: Loading scripts [] []
[2022-05-01T22:31:57.810144+00:00] EdisLog.INFO: Performing login routine: [] []
[2022-05-01T22:31:59.926888+00:00] EdisLog.INFO: Not exist previous session or it's expired... [] []
[2022-05-01T22:31:59.927023+00:00] EdisLog.WARNING: Forcing login [] []
[2022-05-01T22:32:00.540693+00:00] EdisLog.INFO: Loading scripts [] []
[2022-05-01T22:32:00.547535+00:00] EdisLog.INFO: Performing login routine: [] []
[2022-05-01T22:33:58.063905+00:00] EdisLog.INFO: Not exist previous session or it's expired... [] []
[2022-05-01T22:33:58.064043+00:00] EdisLog.WARNING: Forcing login [] []
[2022-05-01T22:33:58.742309+00:00] EdisLog.INFO: Loading scripts [] []
[2022-05-01T22:33:58.750171+00:00] EdisLog.INFO: Performing login routine: [] []
[2022-05-01T22:34:01.138981+00:00] EdisLog.INFO: Not exist previous session or it's expired... [] []
[2022-05-01T22:34:01.139128+00:00] EdisLog.WARNING: Forcing login [] []
[2022-05-01T22:34:01.836408+00:00] EdisLog.INFO: Loading scripts [] []
[2022-05-01T22:34:01.844200+00:00] EdisLog.INFO: Performing login routine: [] []
[2022-05-01T22:34:56.782571+00:00] EdisLog.INFO: Not exist previous session or it's expired... [] []
[2022-05-01T22:34:56.782713+00:00] EdisLog.WARNING: Forcing login [] []
[2022-05-01T22:34:57.509339+00:00] EdisLog.INFO: Loading scripts [] []
[2022-05-01T22:34:57.515075+00:00] EdisLog.INFO: Performing login routine: [] []
[2022-05-01T22:35:02.056703+00:00] EdisLog.INFO: Not exist previous session or it's expired... [] []
[2022-05-01T22:35:02.056845+00:00] EdisLog.WARNING: Forcing login [] []
[2022-05-01T22:35:02.657464+00:00] EdisLog.INFO: Loading scripts [] []
[2022-05-01T22:35:02.663862+00:00] EdisLog.INFO: Performing login routine: [] []
[2022-05-01T22:35:03.943469+00:00] EdisLog.INFO: Not exist previous session or it's expired... [] []
[2022-05-01T22:35:03.943593+00:00] EdisLog.WARNING: Forcing login [] []
[2022-05-01T22:35:04.537797+00:00] EdisLog.INFO: Loading scripts [] []
[2022-05-01T22:35:04.545318+00:00] EdisLog.INFO: Performing login routine: [] []
[2022-05-01T22:35:06.904250+00:00] EdisLog.INFO: Not exist previous session or it's expired... [] []
[2022-05-01T22:35:06.904400+00:00] EdisLog.WARNING: Forcing login [] []
[2022-05-01T22:35:07.629869+00:00] EdisLog.INFO: Loading scripts [] []
[2022-05-01T22:35:07.636839+00:00] EdisLog.INFO: Performing login routine: [] []
[2022-05-01T22:41:33.783768+00:00] EdisLog.INFO: Not exist previous session or it's expired... [] []
[2022-05-01T22:41:33.784521+00:00] EdisLog.WARNING: Forcing login [] []
[2022-05-01T22:41:39.438463+00:00] EdisLog.INFO: Loading scripts [] []
[2022-05-01T22:41:39.445738+00:00] EdisLog.INFO: Performing login routine: [] []
[2022-05-01T22:56:43.334980+00:00] EdisLog.INFO: Not exist previous session or it's expired... [] []
[2022-05-01T22:56:43.335415+00:00] EdisLog.WARNING: Forcing login [] []
[2022-05-01T22:56:43.973195+00:00] EdisLog.INFO: Loading scripts [] []
[2022-05-01T22:56:43.980928+00:00] EdisLog.INFO: Performing login routine: [] []
[2022-05-03T22:50:45.132747+00:00] EdisLog.INFO: Not exist previous session or it's expired... [] []
[2022-05-03T22:50:45.133084+00:00] EdisLog.WARNING: Forcing login [] []
[2022-05-03T22:50:45.840202+00:00] EdisLog.INFO: Loading scripts [] []
[2022-05-03T22:50:45.847777+00:00] EdisLog.INFO: Performing login routine: [] []
[2022-05-03T22:50:46.125782+00:00] EdisLog.INFO: Accessing to frontdoor: [] []
[2022-05-03T22:50:46.271092+00:00] EdisLog.INFO: Accessing to landing page: [] []
[2022-05-03T22:50:46.790299+00:00] EdisLog.INFO: TOKEN RECEIVED! [] []
[2022-05-03T22:50:46.790651+00:00] EdisLog.INFO: Retrieving account info: [] []
[2022-05-03T22:50:47.075714+00:00] EdisLog.INFO: Received name: Ángel Cardiel Ferrero (32060940K) [] []
[2022-05-03T22:50:47.076734+00:00] EdisLog.INFO: Saving access to file [] []
[2022-05-03T22:51:05.844135+00:00] EdisLog.INFO: Not exist previous session or it's expired... [] []
[2022-05-03T22:51:05.844282+00:00] EdisLog.WARNING: Forcing login [] []
[2022-05-03T22:51:06.504965+00:00] EdisLog.INFO: Loading scripts [] []
[2022-05-03T22:51:06.511659+00:00] EdisLog.INFO: Performing login routine: [] []
[2022-05-03T22:53:52.765520+00:00] EdisLog.INFO: Not exist previous session or it's expired... [] []
[2022-05-03T22:53:52.765675+00:00] EdisLog.WARNING: Forcing login [] []
[2022-05-03T22:53:53.398503+00:00] EdisLog.INFO: Loading scripts [] []
[2022-05-03T22:53:53.407052+00:00] EdisLog.INFO: Performing login routine: [] []
[2022-05-03T22:55:07.396193+00:00] EdisLog.INFO: Not exist previous session or it's expired... [] []
[2022-05-03T22:55:07.396342+00:00] EdisLog.WARNING: Forcing login [] []
[2022-05-03T22:55:08.367966+00:00] EdisLog.INFO: Loading scripts [] []
[2022-05-03T22:55:08.375370+00:00] EdisLog.INFO: Performing login routine: [] []
[2022-05-03T22:55:45.920397+00:00] EdisLog.INFO: Not exist previous session or it's expired... [] []
[2022-05-03T22:55:45.920575+00:00] EdisLog.WARNING: Forcing login [] []
[2022-05-03T22:55:46.525957+00:00] EdisLog.INFO: Loading scripts [] []
[2022-05-03T22:55:46.530189+00:00] EdisLog.INFO: Performing login routine: [] []
[2022-05-03T22:56:16.666376+00:00] EdisLog.INFO: Not exist previous session or it's expired... [] []
[2022-05-03T22:56:16.666520+00:00] EdisLog.WARNING: Forcing login [] []
[2022-05-03T22:56:17.293571+00:00] EdisLog.INFO: Loading scripts [] []
[2022-05-03T22:56:17.299981+00:00] EdisLog.INFO: Performing login routine: [] []
[2022-05-03T22:56:43.078572+00:00] EdisLog.INFO: Not exist previous session or it's expired... [] []
[2022-05-03T22:56:43.078712+00:00] EdisLog.WARNING: Forcing login [] []
[2022-05-03T22:56:43.641789+00:00] EdisLog.INFO: Loading scripts [] []
[2022-05-03T22:56:43.645200+00:00] EdisLog.INFO: Performing login routine: [] []
[2022-05-03T22:57:28.238954+00:00] EdisLog.INFO: Not exist previous session or it's expired... [] []
[2022-05-03T22:57:28.239140+00:00] EdisLog.WARNING: Forcing login [] []
[2022-05-03T22:57:28.976612+00:00] EdisLog.INFO: Loading scripts [] []
[2022-05-03T22:57:28.983006+00:00] EdisLog.INFO: Performing login routine: [] []
[2022-05-03T22:57:39.052543+00:00] EdisLog.INFO: Not exist previous session or it's expired... [] []
[2022-05-03T22:57:39.052680+00:00] EdisLog.WARNING: Forcing login [] []
[2022-05-03T22:57:39.687680+00:00] EdisLog.INFO: Loading scripts [] []
[2022-05-03T22:57:39.693907+00:00] EdisLog.INFO: Performing login routine: [] []
[2022-05-03T22:57:50.374377+00:00] EdisLog.INFO: Session restored [] []
[2022-05-03T22:57:50.374556+00:00] EdisLog.INFO: Access details restored [] []
[2022-05-03T22:57:50.377689+00:00] EdisLog.INFO: You're logged. You should be able to execute actions [] []
[2022-05-03T22:59:53.053110+00:00] EdisLog.INFO: Session restored [] []
[2022-05-03T22:59:53.053290+00:00] EdisLog.INFO: Access details restored [] []
[2022-05-03T22:59:53.056420+00:00] EdisLog.INFO: You're logged. You should be able to execute actions [] []
[2022-05-03T23:12:03.870889+00:00] EdisLog.INFO: Session restored [] []
[2022-05-03T23:12:03.871077+00:00] EdisLog.INFO: Access details restored [] []
[2022-05-03T23:12:03.873950+00:00] EdisLog.INFO: Not exist previous session or it's expired... [] []
[2022-05-03T23:12:03.874009+00:00] EdisLog.WARNING: Forcing login [] []
[2022-05-03T23:12:04.890347+00:00] EdisLog.INFO: Loading scripts [] []
[2022-05-03T23:12:04.895974+00:00] EdisLog.INFO: Performing login routine: [] []
[2022-05-03T23:12:05.040769+00:00] EdisLog.WARNING: Forcing login [] []
[2022-05-03T23:12:05.482014+00:00] EdisLog.INFO: Loading scripts [] []
[2022-05-03T23:12:05.485343+00:00] EdisLog.INFO: Performing login routine: [] []
[2022-05-03T23:12:05.711744+00:00] EdisLog.INFO: Accessing to frontdoor: [] []
[2022-05-03T23:12:05.845430+00:00] EdisLog.INFO: Accessing to landing page: [] []
[2022-05-03T23:12:06.240825+00:00] EdisLog.INFO: TOKEN RECEIVED! [] []
[2022-05-03T23:12:06.241138+00:00] EdisLog.INFO: Retrieving account info: [] []
[2022-05-03T23:12:06.523328+00:00] EdisLog.INFO: Received name: Ángel Cardiel Ferrero (32060940K) [] []
[2022-05-03T23:12:06.524336+00:00] EdisLog.INFO: Saving access to file [] []
[2022-05-03T23:18:51.063052+00:00] EdisLog.INFO: Session restored [] []
[2022-05-03T23:18:51.063249+00:00] EdisLog.INFO: Access details restored [] []
[2022-05-03T23:18:51.066952+00:00] EdisLog.INFO: You're logged. You should be able to execute actions [] []
[2022-05-03T23:19:18.467046+00:00] EdisLog.INFO: Session restored [] []
[2022-05-03T23:19:18.467219+00:00] EdisLog.INFO: Access details restored [] []
[2022-05-03T23:19:18.470260+00:00] EdisLog.INFO: You're logged. You should be able to execute actions [] []
[2022-05-03T23:21:50.479909+00:00] EdisLog.INFO: Session restored [] []
[2022-05-03T23:21:50.480090+00:00] EdisLog.INFO: Access details restored [] []
[2022-05-03T23:21:50.483121+00:00] EdisLog.INFO: You're logged. You should be able to execute actions [] []
[2022-05-03T23:22:55.995670+00:00] EdisLog.INFO: Session restored [] []
[2022-05-03T23:22:55.995845+00:00] EdisLog.INFO: Access details restored [] []
[2022-05-03T23:22:55.998772+00:00] EdisLog.INFO: Not exist previous session or it's expired... [] []
[2022-05-03T23:22:55.998828+00:00] EdisLog.WARNING: Forcing login [] []
[2022-05-03T23:22:56.648257+00:00] EdisLog.INFO: Loading scripts [] []
[2022-05-03T23:22:56.653835+00:00] EdisLog.INFO: Performing login routine: [] []
[2022-05-03T23:22:56.783008+00:00] EdisLog.WARNING: Forcing login [] []
[2022-05-03T23:22:57.223933+00:00] EdisLog.INFO: Loading scripts [] []
[2022-05-03T23:22:57.232321+00:00] EdisLog.INFO: Performing login routine: [] []
[2022-05-03T23:22:57.450926+00:00] EdisLog.INFO: Accessing to frontdoor: [] []
[2022-05-03T23:22:57.634932+00:00] EdisLog.INFO: Accessing to landing page: [] []
[2022-05-03T23:22:57.960334+00:00] EdisLog.INFO: TOKEN RECEIVED! [] []
[2022-05-03T23:22:57.960682+00:00] EdisLog.INFO: Retrieving account info: [] []
[2022-05-03T23:22:58.193337+00:00] EdisLog.INFO: Received name: Ángel Cardiel Ferrero (32060940K) [] []
[2022-05-03T23:22:58.194369+00:00] EdisLog.INFO: Saving access to file [] []
[2022-05-03T23:22:58.198749+00:00] EdisLog.INFO: You're logged. You should be able to execute actions [] []
[2022-05-03T23:29:27.603044+00:00] EdisLog.INFO: Session restored [] []
[2022-05-03T23:29:27.603223+00:00] EdisLog.INFO: Access details restored [] []
[2022-05-03T23:29:27.606548+00:00] EdisLog.INFO: You're logged. You should be able to execute actions [] []
[2022-05-03T23:34:50.237279+00:00] EdisLog.INFO: Not exist previous session or it's expired... [] []
[2022-05-03T23:34:50.237426+00:00] EdisLog.WARNING: Forcing login [] []
[2022-05-03T23:34:50.980266+00:00] EdisLog.INFO: Loading scripts [] []
[2022-05-03T23:34:50.986752+00:00] EdisLog.INFO: Performing login routine: [] []
[2022-05-03T23:35:02.495920+00:00] EdisLog.INFO: Session restored [] []
[2022-05-03T23:35:02.496096+00:00] EdisLog.INFO: Access details restored [] []
[2022-05-03T23:35:02.499046+00:00] EdisLog.INFO: Not exist previous session or it's expired... [] []
[2022-05-03T23:35:02.499106+00:00] EdisLog.WARNING: Forcing login [] []
[2022-05-03T23:35:03.232927+00:00] EdisLog.INFO: Loading scripts [] []
[2022-05-03T23:35:03.239178+00:00] EdisLog.INFO: Performing login routine: [] []
[2022-05-03T23:35:03.367288+00:00] EdisLog.WARNING: Forcing login [] []
[2022-05-03T23:35:03.926841+00:00] EdisLog.INFO: Loading scripts [] []
[2022-05-03T23:35:03.933767+00:00] EdisLog.INFO: Performing login routine: [] []
[2022-05-03T23:35:04.190807+00:00] EdisLog.INFO: Accessing to frontdoor: [] []
[2022-05-03T23:35:04.368037+00:00] EdisLog.INFO: Accessing to landing page: [] []
[2022-05-03T23:35:04.692778+00:00] EdisLog.INFO: TOKEN RECEIVED! [] []
[2022-05-03T23:35:04.693093+00:00] EdisLog.INFO: Retrieving account info: [] []
[2022-05-03T23:35:04.991935+00:00] EdisLog.INFO: Received name: Ángel Cardiel Ferrero (32060940K) [] []
[2022-05-03T23:35:04.993054+00:00] EdisLog.INFO: Saving access to file [] []
[2022-05-03T23:39:55.239457+00:00] EdisLog.INFO: Session restored [] []
[2022-05-03T23:39:55.239641+00:00] EdisLog.INFO: Access details restored [] []
[2022-05-03T23:39:55.242671+00:00] EdisLog.INFO: You're logged. You should be able to execute actions [] []
[2022-05-03T23:39:58.134091+00:00] EdisLog.INFO: Session restored [] []
[2022-05-03T23:39:58.134275+00:00] EdisLog.INFO: Access details restored [] []
[2022-05-03T23:39:58.137300+00:00] EdisLog.INFO: You're logged. You should be able to execute actions [] []
[2022-05-03T23:41:30.768459+00:00] EdisLog.INFO: Session restored [] []
[2022-05-03T23:41:30.768629+00:00] EdisLog.INFO: Access details restored [] []
[2022-05-03T23:41:30.771564+00:00] EdisLog.INFO: You're logged. You should be able to execute actions [] []
[2022-05-03T23:42:26.383413+00:00] EdisLog.INFO: Session restored [] []
[2022-05-03T23:42:26.383597+00:00] EdisLog.INFO: Access details restored [] []
[2022-05-03T23:42:26.386642+00:00] EdisLog.INFO: You're logged. You should be able to execute actions [] []
[2022-05-03T23:42:35.042693+00:00] EdisLog.INFO: Session restored [] []
[2022-05-03T23:42:35.042895+00:00] EdisLog.INFO: Access details restored [] []
[2022-05-03T23:42:35.046108+00:00] EdisLog.INFO: You're logged. You should be able to execute actions [] []
[2022-05-03T23:42:54.119678+00:00] EdisLog.INFO: Session restored [] []
[2022-05-03T23:42:54.119859+00:00] EdisLog.INFO: Access details restored [] []
[2022-05-03T23:42:54.123208+00:00] EdisLog.INFO: You're logged. You should be able to execute actions [] []
[2022-05-03T23:55:50.269938+00:00] EdisLog.INFO: Session restored [] []
[2022-05-03T23:55:50.270126+00:00] EdisLog.INFO: Access details restored [] []
[2022-05-03T23:55:50.273098+00:00] EdisLog.INFO: Not exist previous session or it's expired... [] []
[2022-05-03T23:55:50.273154+00:00] EdisLog.WARNING: Forcing login [] []
[2022-05-03T23:55:51.167886+00:00] EdisLog.INFO: Loading scripts [] []
[2022-05-03T23:55:51.173901+00:00] EdisLog.INFO: Performing login routine: [] []
[2022-05-03T23:55:51.308191+00:00] EdisLog.WARNING: Forcing login [] []
[2022-05-03T23:55:51.740069+00:00] EdisLog.INFO: Loading scripts [] []
[2022-05-03T23:55:51.746276+00:00] EdisLog.INFO: Performing login routine: [] []
[2022-05-03T23:55:51.966558+00:00] EdisLog.INFO: Accessing to frontdoor: [] []
[2022-05-03T23:55:52.100763+00:00] EdisLog.INFO: Accessing to landing page: [] []
[2022-05-03T23:55:52.446696+00:00] EdisLog.INFO: TOKEN RECEIVED! [] []
[2022-05-03T23:55:52.447029+00:00] EdisLog.INFO: Retrieving account info: [] []
[2022-05-03T23:55:52.686006+00:00] EdisLog.INFO: Received name: Ángel Cardiel Ferrero (32060940K) [] []
[2022-05-03T23:55:52.687122+00:00] EdisLog.INFO: Saving access to file [] []
[2022-05-03T23:56:42.404364+00:00] EdisLog.INFO: Session restored [] []
[2022-05-03T23:56:42.404543+00:00] EdisLog.INFO: Access details restored [] []
[2022-05-03T23:56:42.407759+00:00] EdisLog.INFO: You're logged. You should be able to execute actions [] []
[2022-05-03T23:57:41.766860+00:00] EdisLog.INFO: Session restored [] []
[2022-05-03T23:57:41.767040+00:00] EdisLog.INFO: Access details restored [] []
[2022-05-03T23:57:41.770296+00:00] EdisLog.INFO: You're logged. You should be able to execute actions [] []
[2022-05-04T00:10:20.943611+00:00] EdisLog.INFO: Session restored [] []
[2022-05-04T00:10:20.943864+00:00] EdisLog.INFO: Access details restored [] []
[2022-05-04T00:10:20.949582+00:00] EdisLog.INFO: Not exist previous session or it's expired... [] []
[2022-05-04T00:10:20.949695+00:00] EdisLog.WARNING: Forcing login [] []
[2022-05-04T00:10:21.737848+00:00] EdisLog.INFO: Loading scripts [] []
[2022-05-04T00:10:21.742362+00:00] EdisLog.INFO: Performing login routine: [] []
[2022-05-04T00:10:21.878611+00:00] EdisLog.WARNING: Forcing login [] []
[2022-05-04T00:10:22.384121+00:00] EdisLog.INFO: Loading scripts [] []
[2022-05-04T00:10:22.391544+00:00] EdisLog.INFO: Performing login routine: [] []
[2022-05-04T00:10:22.620882+00:00] EdisLog.INFO: Accessing to frontdoor: [] []
[2022-05-04T00:10:22.758373+00:00] EdisLog.INFO: Accessing to landing page: [] []
[2022-05-04T00:10:23.070467+00:00] EdisLog.INFO: TOKEN RECEIVED! [] []
[2022-05-04T00:10:23.071451+00:00] EdisLog.INFO: Retrieving account info: [] []
[2022-05-04T00:10:23.321349+00:00] EdisLog.INFO: Received name: Ángel Cardiel Ferrero (32060940K) [] []
[2022-05-04T00:10:23.322460+00:00] EdisLog.INFO: Saving access to file [] []
[2022-05-04T00:16:14.560759+00:00] EdisLog.INFO: Session restored [] []
[2022-05-04T00:16:14.561011+00:00] EdisLog.INFO: Access details restored [] []
[2022-05-04T00:16:14.566820+00:00] EdisLog.INFO: You're logged. You should be able to execute actions [] []
[2022-05-04T00:58:44.125012+00:00] EdisLog.INFO: Session restored [] []
[2022-05-04T00:58:44.125270+00:00] EdisLog.INFO: Access details restored [] []
[2022-05-04T00:58:44.131381+00:00] EdisLog.INFO: Not exist previous session or it's expired... [] []
[2022-05-04T00:58:44.131491+00:00] EdisLog.WARNING: Forcing login [] []
[2022-05-04T00:58:44.956797+00:00] EdisLog.INFO: Loading scripts [] []
[2022-05-04T00:58:44.961182+00:00] EdisLog.INFO: Performing login routine: [] []
[2022-05-04T00:58:45.094873+00:00] EdisLog.WARNING: Forcing login [] []
[2022-05-04T00:58:45.572061+00:00] EdisLog.INFO: Loading scripts [] []
[2022-05-04T00:58:45.579103+00:00] EdisLog.INFO: Performing login routine: [] []
[2022-05-04T00:58:45.780759+00:00] EdisLog.INFO: Accessing to frontdoor: [] []
[2022-05-04T00:58:45.939647+00:00] EdisLog.INFO: Accessing to landing page: [] []
[2022-05-04T00:58:46.379589+00:00] EdisLog.INFO: TOKEN RECEIVED! [] []
[2022-05-04T00:58:46.380068+00:00] EdisLog.INFO: Retrieving account info: [] []
[2022-05-04T00:58:46.604582+00:00] EdisLog.INFO: Received name: Ángel Cardiel Ferrero (32060940K) [] []
[2022-05-04T00:58:46.604913+00:00] EdisLog.INFO: Saving access to file [] []
[2022-05-04T00:59:27.246284+00:00] EdisLog.INFO: Session restored [] []
[2022-05-04T00:59:27.246540+00:00] EdisLog.INFO: Access details restored [] []
[2022-05-04T00:59:27.252270+00:00] EdisLog.INFO: You're logged. You should be able to execute actions [] []
[2022-05-04T01:00:51.808125+00:00] EdisLog.INFO: Session restored [] []
[2022-05-04T01:00:51.808380+00:00] EdisLog.INFO: Access details restored [] []
[2022-05-04T01:00:51.814199+00:00] EdisLog.INFO: You're logged. You should be able to execute actions [] []
[2022-05-04T01:05:17.567676+00:00] EdisLog.INFO: Session restored [] []
[2022-05-04T01:05:17.567934+00:00] EdisLog.INFO: Access details restored [] []
[2022-05-04T01:05:17.573655+00:00] EdisLog.INFO: You're logged. You should be able to execute actions [] []
[2022-05-04T01:05:28.876493+00:00] EdisLog.INFO: Session restored [] []
[2022-05-04T01:05:28.876758+00:00] EdisLog.INFO: Access details restored [] []
[2022-05-04T01:05:28.882564+00:00] EdisLog.INFO: You're logged. You should be able to execute actions [] []
